[2020-10-19T07:44:49,406][INFO ][logstash.setting.writabledirectory] Creating directory {:setting=>"path.queue", :path=>"C:/Users/Semantix/logstash-7.6.2/logstash-7.6.2/data/queue"}
[2020-10-19T07:44:49,727][INFO ][logstash.setting.writabledirectory] Creating directory {:setting=>"path.dead_letter_queue", :path=>"C:/Users/Semantix/logstash-7.6.2/logstash-7.6.2/data/dead_letter_queue"}
[2020-10-19T07:44:49,844][WARN ][logstash.config.source.multilocal] Ignoring the 'pipelines.yml' file because modules or command line options are specified
[2020-10-19T07:44:49,863][INFO ][logstash.runner          ] Starting Logstash {"logstash.version"=>"7.6.2"}
[2020-10-19T07:44:49,895][INFO ][logstash.agent           ] No persistent UUID file found. Generating new UUID {:uuid=>"048125d5-131b-4f15-99ea-3ef595fd5572", :path=>"C:/Users/Semantix/logstash-7.6.2/logstash-7.6.2/data/uuid"}
[2020-10-19T07:44:51,599][INFO ][org.reflections.Reflections] Reflections took 42 ms to scan 1 urls, producing 20 keys and 40 values 
[2020-10-19T07:44:52,205][WARN ][org.logstash.instrument.metrics.gauge.LazyDelegatingGauge][main] A gauge metric of an unknown type (org.jruby.RubyArray) has been created for key: cluster_uuids. This may result in invalid serialization.  It is recommended to log an issue to the responsible developer/development team.
[2020-10-19T07:44:52,233][INFO ][logstash.javapipeline    ][main] Starting pipeline {:pipeline_id=>"main", "pipeline.workers"=>8, "pipeline.batch.size"=>125, "pipeline.batch.delay"=>50, "pipeline.max_inflight"=>1000, "pipeline.sources"=>["config string"], :thread=>"#<Thread:0x3712522c run>"}
[2020-10-19T07:44:53,059][INFO ][logstash.javapipeline    ][main] Pipeline started {"pipeline.id"=>"main"}
[2020-10-19T07:44:53,112][INFO ][logstash.agent           ] Pipelines running {:count=>1, :running_pipelines=>[:main], :non_running_pipelines=>[]}
[2020-10-19T07:44:53,388][INFO ][logstash.agent           ] Successfully started Logstash API endpoint {:port=>9600}
[2020-10-19T07:52:30,084][WARN ][logstash.config.source.multilocal] Ignoring the 'pipelines.yml' file because modules or command line options are specified
[2020-10-19T07:52:30,263][INFO ][logstash.runner          ] Starting Logstash {"logstash.version"=>"7.6.2"}
[2020-10-19T07:52:31,757][INFO ][org.reflections.Reflections] Reflections took 29 ms to scan 1 urls, producing 20 keys and 40 values 
[2020-10-19T07:52:32,266][WARN ][org.logstash.instrument.metrics.gauge.LazyDelegatingGauge][main] A gauge metric of an unknown type (org.jruby.RubyArray) has been created for key: cluster_uuids. This may result in invalid serialization.  It is recommended to log an issue to the responsible developer/development team.
[2020-10-19T07:52:32,293][INFO ][logstash.javapipeline    ][main] Starting pipeline {:pipeline_id=>"main", "pipeline.workers"=>8, "pipeline.batch.size"=>125, "pipeline.batch.delay"=>50, "pipeline.max_inflight"=>1000, "pipeline.sources"=>["config string"], :thread=>"#<Thread:0x2e573b4f run>"}
[2020-10-19T07:52:32,963][INFO ][logstash.javapipeline    ][main] Pipeline started {"pipeline.id"=>"main"}
[2020-10-19T07:52:33,020][INFO ][logstash.agent           ] Pipelines running {:count=>1, :running_pipelines=>[:main], :non_running_pipelines=>[]}
[2020-10-19T07:52:33,332][INFO ][logstash.agent           ] Successfully started Logstash API endpoint {:port=>9600}
[2020-10-19T08:06:36,212][WARN ][logstash.runner          ] SIGINT received. Shutting down.
[2020-10-19T08:06:36,339][INFO ][logstash.javapipeline    ] Pipeline terminated {"pipeline.id"=>"main"}
[2020-10-19T08:06:36,390][INFO ][logstash.runner          ] Logstash shut down.
[2020-10-19T08:07:46,616][WARN ][logstash.config.source.multilocal] Ignoring the 'pipelines.yml' file because modules or command line options are specified
[2020-10-19T08:07:46,773][INFO ][logstash.runner          ] Starting Logstash {"logstash.version"=>"7.6.2"}
[2020-10-19T08:07:48,075][INFO ][org.reflections.Reflections] Reflections took 46 ms to scan 1 urls, producing 20 keys and 40 values 
[2020-10-19T08:07:48,643][WARN ][org.logstash.instrument.metrics.gauge.LazyDelegatingGauge][main] A gauge metric of an unknown type (org.jruby.RubyArray) has been created for key: cluster_uuids. This may result in invalid serialization.  It is recommended to log an issue to the responsible developer/development team.
[2020-10-19T08:07:48,671][INFO ][logstash.javapipeline    ][main] Starting pipeline {:pipeline_id=>"main", "pipeline.workers"=>8, "pipeline.batch.size"=>125, "pipeline.batch.delay"=>50, "pipeline.max_inflight"=>1000, "pipeline.sources"=>["C:/Users/Semantix/logstash/logstash-7.6.2/config/pipelines/pipeline.conf"], :thread=>"#<Thread:0x104b087b run>"}
[2020-10-19T08:07:49,435][INFO ][logstash.javapipeline    ][main] Pipeline started {"pipeline.id"=>"main"}
[2020-10-19T08:07:49,498][INFO ][logstash.agent           ] Pipelines running {:count=>1, :running_pipelines=>[:main], :non_running_pipelines=>[]}
[2020-10-19T08:07:49,784][INFO ][logstash.agent           ] Successfully started Logstash API endpoint {:port=>9600}
[2020-10-19T08:10:54,981][WARN ][logstash.runner          ] SIGINT received. Shutting down.
[2020-10-19T08:10:55,101][INFO ][logstash.javapipeline    ] Pipeline terminated {"pipeline.id"=>"main"}
[2020-10-19T08:10:55,141][INFO ][logstash.runner          ] Logstash shut down.
[2020-10-19T08:11:16,964][WARN ][logstash.config.source.multilocal] Ignoring the 'pipelines.yml' file because modules or command line options are specified
[2020-10-19T08:11:17,082][INFO ][logstash.runner          ] Starting Logstash {"logstash.version"=>"7.6.2"}
[2020-10-19T08:11:18,274][INFO ][org.reflections.Reflections] Reflections took 31 ms to scan 1 urls, producing 20 keys and 40 values 
[2020-10-19T08:11:18,833][WARN ][org.logstash.instrument.metrics.gauge.LazyDelegatingGauge][main] A gauge metric of an unknown type (org.jruby.RubyArray) has been created for key: cluster_uuids. This may result in invalid serialization.  It is recommended to log an issue to the responsible developer/development team.
[2020-10-19T08:11:18,849][INFO ][logstash.javapipeline    ][main] Starting pipeline {:pipeline_id=>"main", "pipeline.workers"=>8, "pipeline.batch.size"=>125, "pipeline.batch.delay"=>50, "pipeline.max_inflight"=>1000, "pipeline.sources"=>["C:/Users/Semantix/logstash/logstash-7.6.2/config/pipelines/pipeline.conf"], :thread=>"#<Thread:0x3df52a5d run>"}
[2020-10-19T08:11:19,484][INFO ][logstash.javapipeline    ][main] Pipeline started {"pipeline.id"=>"main"}
[2020-10-19T08:11:19,562][INFO ][logstash.agent           ] Pipelines running {:count=>1, :running_pipelines=>[:main], :non_running_pipelines=>[]}
[2020-10-19T08:11:19,813][INFO ][logstash.agent           ] Successfully started Logstash API endpoint {:port=>9600}
[2020-10-19T08:15:39,080][WARN ][logstash.runner          ] SIGINT received. Shutting down.
[2020-10-19T08:15:39,231][INFO ][logstash.javapipeline    ] Pipeline terminated {"pipeline.id"=>"main"}
[2020-10-19T08:15:39,287][INFO ][logstash.runner          ] Logstash shut down.
[2020-10-19T08:16:55,913][WARN ][logstash.config.source.multilocal] Ignoring the 'pipelines.yml' file because modules or command line options are specified
[2020-10-19T08:16:56,031][INFO ][logstash.runner          ] Starting Logstash {"logstash.version"=>"7.6.2"}
[2020-10-19T08:16:57,355][INFO ][org.reflections.Reflections] Reflections took 31 ms to scan 1 urls, producing 20 keys and 40 values 
[2020-10-19T08:16:57,917][WARN ][org.logstash.instrument.metrics.gauge.LazyDelegatingGauge][main] A gauge metric of an unknown type (org.jruby.RubyArray) has been created for key: cluster_uuids. This may result in invalid serialization.  It is recommended to log an issue to the responsible developer/development team.
[2020-10-19T08:16:57,933][INFO ][logstash.javapipeline    ][main] Starting pipeline {:pipeline_id=>"main", "pipeline.workers"=>8, "pipeline.batch.size"=>125, "pipeline.batch.delay"=>50, "pipeline.max_inflight"=>1000, "pipeline.sources"=>["C:/Users/Semantix/logstash/logstash-7.6.2/config/pipelines/pipeline.conf"], :thread=>"#<Thread:0x4684cc37 run>"}
[2020-10-19T08:16:58,579][INFO ][logstash.inputs.stdin    ][main] Automatically switching from json to json_lines codec {:plugin=>"stdin"}
[2020-10-19T08:16:58,624][INFO ][logstash.javapipeline    ][main] Pipeline started {"pipeline.id"=>"main"}
[2020-10-19T08:16:58,673][INFO ][logstash.agent           ] Pipelines running {:count=>1, :running_pipelines=>[:main], :non_running_pipelines=>[]}
[2020-10-19T08:16:58,895][INFO ][logstash.agent           ] Successfully started Logstash API endpoint {:port=>9600}
[2020-10-19T08:17:57,968][WARN ][logstash.codecs.jsonlines][main] JSON parse error, original data now in message field {:error=>#<LogStash::Json::ParserError: Unexpected character ('2' (code 50)): was expecting a colon to separate field name and value
 at [Source: (String)"{ "amount": 10, "quantity: "2" }"; line: 1, column: 30]>, :data=>"{ \"amount\": 10, \"quantity: \"2\" }\r"}
[2020-10-19T08:18:17,070][WARN ][logstash.codecs.jsonlines][main] JSON parse error, original data now in message field {:error=>#<LogStash::Json::ParserError: Illegal unquoted character ((CTRL-CHAR, code 13)): has to be escaped using backslash to be included in name
 at [Source: (String)"{ "amount": 10, "quantity: 2 }"; line: 1, column: 32]>, :data=>"{ \"amount\": 10, \"quantity: 2 }\r"}
[2020-10-19T08:20:52,028][WARN ][logstash.codecs.jsonlines][main] JSON parse error, original data now in message field {:error=>#<LogStash::Json::ParserError: Unexpected character ('{' (code 123)): was expecting double-quote to start field name
 at [Source: (String)"{{ "name": "order1"}, {"name": "order2"}}"; line: 1, column: 3]>, :data=>"{{ \"name\": \"order1\"}, {\"name\": \"order2\"}}\r"}
[2020-10-19T08:24:28,003][WARN ][logstash.runner          ] SIGINT received. Shutting down.
[2020-10-19T08:24:28,101][INFO ][logstash.javapipeline    ] Pipeline terminated {"pipeline.id"=>"main"}
[2020-10-19T08:24:28,144][INFO ][logstash.runner          ] Logstash shut down.
[2020-10-19T08:24:53,540][WARN ][logstash.config.source.multilocal] Ignoring the 'pipelines.yml' file because modules or command line options are specified
[2020-10-19T08:24:53,703][INFO ][logstash.runner          ] Starting Logstash {"logstash.version"=>"7.6.2"}
[2020-10-19T08:24:55,537][INFO ][org.reflections.Reflections] Reflections took 30 ms to scan 1 urls, producing 20 keys and 40 values 
[2020-10-19T08:24:56,217][WARN ][org.logstash.instrument.metrics.gauge.LazyDelegatingGauge][main] A gauge metric of an unknown type (org.jruby.RubyArray) has been created for key: cluster_uuids. This may result in invalid serialization.  It is recommended to log an issue to the responsible developer/development team.
[2020-10-19T08:24:56,244][INFO ][logstash.javapipeline    ][main] Starting pipeline {:pipeline_id=>"main", "pipeline.workers"=>8, "pipeline.batch.size"=>125, "pipeline.batch.delay"=>50, "pipeline.max_inflight"=>1000, "pipeline.sources"=>["C:/Users/Semantix/logstash/logstash-7.6.2/config/pipelines/pipeline.conf"], :thread=>"#<Thread:0x560eb664 run>"}
[2020-10-19T08:24:57,178][INFO ][logstash.inputs.stdin    ][main] Automatically switching from json to json_lines codec {:plugin=>"stdin"}
[2020-10-19T08:24:57,225][INFO ][logstash.javapipeline    ][main] Pipeline started {"pipeline.id"=>"main"}
[2020-10-19T08:24:57,322][INFO ][logstash.agent           ] Pipelines running {:count=>1, :running_pipelines=>[:main], :non_running_pipelines=>[]}
[2020-10-19T08:24:57,615][INFO ][logstash.agent           ] Successfully started Logstash API endpoint {:port=>9600}
[2020-10-19T08:25:15,028][INFO ][logstash.outputs.file    ][main] Opening file {:path=>"C:/Users/Semantix/logstash/logstash-7.6.2/output.txt"}
[2020-10-19T08:25:26,258][INFO ][logstash.outputs.file    ][main] Closing file C:/Users/Semantix/logstash/logstash-7.6.2/output.txt
[2020-10-19T08:29:19,824][WARN ][logstash.runner          ] SIGINT received. Shutting down.
[2020-10-19T08:29:19,934][INFO ][logstash.javapipeline    ] Pipeline terminated {"pipeline.id"=>"main"}
[2020-10-19T08:29:20,951][FATAL][logstash.runner          ] SIGINT received. Terminating immediately..
[2020-10-19T08:29:21,114][ERROR][org.logstash.Logstash    ] org.jruby.exceptions.ThreadKill
[2020-10-19T08:29:51,814][WARN ][logstash.config.source.multilocal] Ignoring the 'pipelines.yml' file because modules or command line options are specified
[2020-10-19T08:29:51,980][INFO ][logstash.runner          ] Starting Logstash {"logstash.version"=>"7.6.2"}
[2020-10-19T08:29:53,803][INFO ][org.reflections.Reflections] Reflections took 26 ms to scan 1 urls, producing 20 keys and 40 values 
[2020-10-19T08:29:54,485][WARN ][org.logstash.instrument.metrics.gauge.LazyDelegatingGauge][main] A gauge metric of an unknown type (org.jruby.RubyArray) has been created for key: cluster_uuids. This may result in invalid serialization.  It is recommended to log an issue to the responsible developer/development team.
[2020-10-19T08:29:54,503][INFO ][logstash.javapipeline    ][main] Starting pipeline {:pipeline_id=>"main", "pipeline.workers"=>8, "pipeline.batch.size"=>125, "pipeline.batch.delay"=>50, "pipeline.max_inflight"=>1000, "pipeline.sources"=>["C:/Users/Semantix/logstash/logstash-7.6.2/config/pipelines/pipeline.conf"], :thread=>"#<Thread:0x41d3a30c run>"}
[2020-10-19T08:29:55,161][INFO ][logstash.inputs.stdin    ][main] Automatically switching from json to json_lines codec {:plugin=>"stdin"}
[2020-10-19T08:29:55,327][INFO ][logstash.javapipeline    ][main] Pipeline started {"pipeline.id"=>"main"}
[2020-10-19T08:29:55,334][INFO ][logstash.inputs.http     ][main] Starting http input listener {:address=>"127.0.0.1:8080", :ssl=>"false"}
[2020-10-19T08:29:55,389][INFO ][logstash.agent           ] Pipelines running {:count=>1, :running_pipelines=>[:main], :non_running_pipelines=>[]}
[2020-10-19T08:29:55,662][INFO ][logstash.agent           ] Successfully started Logstash API endpoint {:port=>9600}
[2020-10-19T08:29:58,313][INFO ][logstash.outputs.file    ][main] Opening file {:path=>"C:/Users/Semantix/logstash/logstash-7.6.2/output.txt"}
[2020-10-19T08:30:24,472][INFO ][logstash.outputs.file    ][main] Closing file C:/Users/Semantix/logstash/logstash-7.6.2/output.txt
[2020-10-19T08:31:59,247][INFO ][logstash.outputs.file    ][main] Opening file {:path=>"C:/Users/Semantix/logstash/logstash-7.6.2/output.txt"}
[2020-10-19T08:32:14,696][INFO ][logstash.outputs.file    ][main] Closing file C:/Users/Semantix/logstash/logstash-7.6.2/output.txt
[2020-10-19T08:59:04,451][ERROR][logstash.codecs.json     ][main] JSON parse error, original data now in message field {:error=>#<LogStash::Json::ParserError: Unexpected character ('a' (code 97)): was expecting double-quote to start field name
 at [Source: (String)"{amount:100, quantitity: 600}"; line: 1, column: 3]>, :data=>"{amount:100, quantitity: 600}"}
[2020-10-19T08:59:04,620][INFO ][logstash.outputs.file    ][main] Opening file {:path=>"C:/Users/Semantix/logstash/logstash-7.6.2/output.txt"}
[2020-10-19T08:59:17,639][INFO ][logstash.outputs.file    ][main] Closing file C:/Users/Semantix/logstash/logstash-7.6.2/output.txt
[2020-10-19T09:00:48,814][ERROR][logstash.codecs.json     ][main] JSON parse error, original data now in message field {:error=>#<LogStash::Json::ParserError: Unexpected character ('a' (code 97)): was expecting double-quote to start field name
 at [Source: (String)"{amount: 100, quantitity: 600}"; line: 1, column: 3]>, :data=>"{amount: 100, quantitity: 600}"}
[2020-10-19T09:00:48,957][INFO ][logstash.outputs.file    ][main] Opening file {:path=>"C:/Users/Semantix/logstash/logstash-7.6.2/output.txt"}
[2020-10-19T09:01:07,880][INFO ][logstash.outputs.file    ][main] Closing file C:/Users/Semantix/logstash/logstash-7.6.2/output.txt
[2020-10-19T09:03:14,697][ERROR][logstash.codecs.json     ][main] JSON parse error, original data now in message field {:error=>#<LogStash::Json::ParserError: Unexpected character ('a' (code 97)): was expecting double-quote to start field name
 at [Source: (String)"{ amount: 100, quantitity: 600 }"; line: 1, column: 4]>, :data=>"{ amount: 100, quantitity: 600 }"}
[2020-10-19T09:03:14,846][INFO ][logstash.outputs.file    ][main] Opening file {:path=>"C:/Users/Semantix/logstash/logstash-7.6.2/output.txt"}
[2020-10-19T09:03:28,096][INFO ][logstash.outputs.file    ][main] Closing file C:/Users/Semantix/logstash/logstash-7.6.2/output.txt
[2020-10-19T09:04:30,204][ERROR][logstash.codecs.json     ][main] JSON parse error, original data now in message field {:error=>#<LogStash::Json::ParserError: Unexpected character ('a' (code 97)): was expecting double-quote to start field name
 at [Source: (String)"{ amount: 100 , quantitity: 600 }"; line: 1, column: 4]>, :data=>"{ amount: 100 , quantitity: 600 }"}
[2020-10-19T09:04:30,332][INFO ][logstash.outputs.file    ][main] Opening file {:path=>"C:/Users/Semantix/logstash/logstash-7.6.2/output.txt"}
[2020-10-19T09:04:48,282][INFO ][logstash.outputs.file    ][main] Closing file C:/Users/Semantix/logstash/logstash-7.6.2/output.txt
[2020-10-19T09:05:24,675][ERROR][logstash.codecs.json     ][main] JSON parse error, original data now in message field {:error=>#<LogStash::Json::ParserError: Unexpected character ('a' (code 97)): was expecting double-quote to start field name
 at [Source: (String)"{ amount: 100 , quantitity: 600 }"; line: 1, column: 4]>, :data=>"{ amount: 100 , quantitity: 600 }"}
[2020-10-19T09:05:24,823][INFO ][logstash.outputs.file    ][main] Opening file {:path=>"C:/Users/Semantix/logstash/logstash-7.6.2/output.txt"}
[2020-10-19T09:05:38,412][INFO ][logstash.outputs.file    ][main] Closing file C:/Users/Semantix/logstash/logstash-7.6.2/output.txt
[2020-10-19T09:06:03,311][WARN ][logstash.runner          ] SIGINT received. Shutting down.
[2020-10-19T09:06:03,540][INFO ][logstash.javapipeline    ] Pipeline terminated {"pipeline.id"=>"main"}
[2020-10-19T09:06:03,685][INFO ][logstash.runner          ] Logstash shut down.
[2020-10-19T09:09:25,251][WARN ][logstash.config.source.multilocal] Ignoring the 'pipelines.yml' file because modules or command line options are specified
[2020-10-19T09:09:25,382][INFO ][logstash.runner          ] Starting Logstash {"logstash.version"=>"7.6.2"}
[2020-10-19T09:09:26,178][ERROR][logstash.agent           ] Failed to execute action {:action=>LogStash::PipelineAction::Create/pipeline_id:main, :exception=>"LogStash::ConfigurationError", :message=>"Expected one of [ \\t\\r\\n], \"#\", \"=>\" at line 12, column 16 (byte 160) after input {\r\n    stdin {\r\n        codec => json\r\n    }\r\n\r\n    http {\r\n        host => \"127.0.0.1\"\r\n        port => 8080    \r\n    }\r\n\r\n    filter {\r\n        mutate ", :backtrace=>["C:/Users/Semantix/logstash/logstash-7.6.2/logstash-core/lib/logstash/compiler.rb:41:in `compile_imperative'", "C:/Users/Semantix/logstash/logstash-7.6.2/logstash-core/lib/logstash/compiler.rb:49:in `compile_graph'", "C:/Users/Semantix/logstash/logstash-7.6.2/logstash-core/lib/logstash/compiler.rb:11:in `block in compile_sources'", "org/jruby/RubyArray.java:2580:in `map'", "C:/Users/Semantix/logstash/logstash-7.6.2/logstash-core/lib/logstash/compiler.rb:10:in `compile_sources'", "org/logstash/execution/AbstractPipelineExt.java:161:in `initialize'", "org/logstash/execution/JavaBasePipelineExt.java:47:in `initialize'", "C:/Users/Semantix/logstash/logstash-7.6.2/logstash-core/lib/logstash/java_pipeline.rb:27:in `initialize'", "C:/Users/Semantix/logstash/logstash-7.6.2/logstash-core/lib/logstash/pipeline_action/create.rb:36:in `execute'", "C:/Users/Semantix/logstash/logstash-7.6.2/logstash-core/lib/logstash/agent.rb:326:in `block in converge_state'"]}
[2020-10-19T09:09:26,426][INFO ][logstash.agent           ] Successfully started Logstash API endpoint {:port=>9600}
[2020-10-19T09:09:31,453][INFO ][logstash.runner          ] Logstash shut down.
[2020-10-19T09:10:16,125][WARN ][logstash.config.source.multilocal] Ignoring the 'pipelines.yml' file because modules or command line options are specified
[2020-10-19T09:10:16,280][INFO ][logstash.runner          ] Starting Logstash {"logstash.version"=>"7.6.2"}
[2020-10-19T09:10:17,082][ERROR][logstash.agent           ] Failed to execute action {:action=>LogStash::PipelineAction::Create/pipeline_id:main, :exception=>"LogStash::ConfigurationError", :message=>"Expected one of [ \\t\\r\\n], \"#\", \"=>\" at line 12, column 16 (byte 160) after input {\r\n    stdin {\r\n        codec => json\r\n    }\r\n\r\n    http {\r\n        host => \"127.0.0.1\"\r\n        port => 8080    \r\n    }\r\n\r\n    filter {\r\n        mutate ", :backtrace=>["C:/Users/Semantix/logstash/logstash-7.6.2/logstash-core/lib/logstash/compiler.rb:41:in `compile_imperative'", "C:/Users/Semantix/logstash/logstash-7.6.2/logstash-core/lib/logstash/compiler.rb:49:in `compile_graph'", "C:/Users/Semantix/logstash/logstash-7.6.2/logstash-core/lib/logstash/compiler.rb:11:in `block in compile_sources'", "org/jruby/RubyArray.java:2580:in `map'", "C:/Users/Semantix/logstash/logstash-7.6.2/logstash-core/lib/logstash/compiler.rb:10:in `compile_sources'", "org/logstash/execution/AbstractPipelineExt.java:161:in `initialize'", "org/logstash/execution/JavaBasePipelineExt.java:47:in `initialize'", "C:/Users/Semantix/logstash/logstash-7.6.2/logstash-core/lib/logstash/java_pipeline.rb:27:in `initialize'", "C:/Users/Semantix/logstash/logstash-7.6.2/logstash-core/lib/logstash/pipeline_action/create.rb:36:in `execute'", "C:/Users/Semantix/logstash/logstash-7.6.2/logstash-core/lib/logstash/agent.rb:326:in `block in converge_state'"]}
[2020-10-19T09:10:17,427][INFO ][logstash.agent           ] Successfully started Logstash API endpoint {:port=>9600}
[2020-10-19T09:10:22,453][INFO ][logstash.runner          ] Logstash shut down.
[2020-10-19T09:11:27,176][WARN ][logstash.config.source.multilocal] Ignoring the 'pipelines.yml' file because modules or command line options are specified
[2020-10-19T09:11:27,295][INFO ][logstash.runner          ] Starting Logstash {"logstash.version"=>"7.6.2"}
[2020-10-19T09:11:28,774][INFO ][org.reflections.Reflections] Reflections took 26 ms to scan 1 urls, producing 20 keys and 40 values 
[2020-10-19T09:11:29,500][WARN ][org.logstash.instrument.metrics.gauge.LazyDelegatingGauge][main] A gauge metric of an unknown type (org.jruby.RubyArray) has been created for key: cluster_uuids. This may result in invalid serialization.  It is recommended to log an issue to the responsible developer/development team.
[2020-10-19T09:11:29,529][INFO ][logstash.javapipeline    ][main] Starting pipeline {:pipeline_id=>"main", "pipeline.workers"=>8, "pipeline.batch.size"=>125, "pipeline.batch.delay"=>50, "pipeline.max_inflight"=>1000, "pipeline.sources"=>["C:/Users/Semantix/logstash/logstash-7.6.2/config/pipelines/pipeline.conf"], :thread=>"#<Thread:0x3a48ec82 run>"}
[2020-10-19T09:11:30,424][INFO ][logstash.inputs.stdin    ][main] Automatically switching from json to json_lines codec {:plugin=>"stdin"}
[2020-10-19T09:11:30,589][INFO ][logstash.javapipeline    ][main] Pipeline started {"pipeline.id"=>"main"}
[2020-10-19T09:11:30,594][INFO ][logstash.inputs.http     ][main] Starting http input listener {:address=>"127.0.0.1:8080", :ssl=>"false"}
[2020-10-19T09:11:30,640][INFO ][logstash.agent           ] Pipelines running {:count=>1, :running_pipelines=>[:main], :non_running_pipelines=>[]}
[2020-10-19T09:11:30,959][INFO ][logstash.agent           ] Successfully started Logstash API endpoint {:port=>9600}
[2020-10-19T09:11:36,706][INFO ][logstash.outputs.file    ][main] Opening file {:path=>"C:/Users/Semantix/logstash/logstash-7.6.2/output.txt"}
[2020-10-19T09:11:49,541][INFO ][logstash.outputs.file    ][main] Closing file C:/Users/Semantix/logstash/logstash-7.6.2/output.txt
[2020-10-19T09:37:45,871][WARN ][logstash.runner          ] SIGINT received. Shutting down.
[2020-10-19T09:37:46,073][INFO ][logstash.javapipeline    ] Pipeline terminated {"pipeline.id"=>"main"}
[2020-10-19T09:37:47,753][INFO ][logstash.runner          ] Logstash shut down.
[2020-10-19T09:38:15,539][WARN ][logstash.config.source.multilocal] Ignoring the 'pipelines.yml' file because modules or command line options are specified
[2020-10-19T09:38:15,648][INFO ][logstash.runner          ] Starting Logstash {"logstash.version"=>"7.6.2"}
[2020-10-19T09:38:16,876][INFO ][org.reflections.Reflections] Reflections took 31 ms to scan 1 urls, producing 20 keys and 40 values 
[2020-10-19T09:38:17,232][ERROR][logstash.filters.mutate  ] Unknown setting 'remove' for mutate
[2020-10-19T09:38:17,232][ERROR][logstash.agent           ] Failed to execute action {:action=>LogStash::PipelineAction::Create/pipeline_id:main, :exception=>"Java::JavaLang::IllegalStateException", :message=>"Unable to configure plugins: (ConfigurationError) Something is wrong with your configuration.", :backtrace=>["org.logstash.config.ir.CompiledPipeline.<init>(CompiledPipeline.java:103)", "org.logstash.execution.JavaBasePipelineExt.initialize(JavaBasePipelineExt.java:60)", "org.logstash.execution.JavaBasePipelineExt$INVOKER$i$1$0$initialize.call(JavaBasePipelineExt$INVOKER$i$1$0$initialize.gen)", "org.jruby.internal.runtime.methods.JavaMethod$JavaMethodN.call(JavaMethod.java:837)", "org.jruby.ir.runtime.IRRuntimeHelpers.instanceSuper(IRRuntimeHelpers.java:1169)", "org.jruby.ir.runtime.IRRuntimeHelpers.instanceSuperSplatArgs(IRRuntimeHelpers.java:1156)", "org.jruby.ir.targets.InstanceSuperInvokeSite.invoke(InstanceSuperInvokeSite.java:39)", "C_3a_.Users.Semantix.logstash.logstash_minus_7_dot_6_dot_2.logstash_minus_core.lib.logstash.java_pipeline.RUBY$method$initialize$0(C:/Users/Semantix/logstash/logstash-7.6.2/logstash-core/lib/logstash/java_pipeline.rb:27)", "org.jruby.internal.runtime.methods.CompiledIRMethod.call(CompiledIRMethod.java:84)", "org.jruby.internal.runtime.methods.MixedModeIRMethod.call(MixedModeIRMethod.java:70)", "org.jruby.runtime.callsite.CachingCallSite.cacheAndCall(CachingCallSite.java:332)", "org.jruby.runtime.callsite.CachingCallSite.call(CachingCallSite.java:86)", "org.jruby.RubyClass.newInstance(RubyClass.java:915)", "org.jruby.RubyClass$INVOKER$i$newInstance.call(RubyClass$INVOKER$i$newInstance.gen)", "org.jruby.ir.targets.InvokeSite.invoke(InvokeSite.java:183)", "C_3a_.Users.Semantix.logstash.logstash_minus_7_dot_6_dot_2.logstash_minus_core.lib.logstash.pipeline_action.create.RUBY$method$execute$0(C:/Users/Semantix/logstash/logstash-7.6.2/logstash-core/lib/logstash/pipeline_action/create.rb:36)", "C_3a_.Users.Semantix.logstash.logstash_minus_7_dot_6_dot_2.logstash_minus_core.lib.logstash.pipeline_action.create.RUBY$method$execute$0$__VARARGS__(C:/Users/Semantix/logstash/logstash-7.6.2/logstash-core/lib/logstash/pipeline_action/create.rb)", "org.jruby.internal.runtime.methods.CompiledIRMethod.call(CompiledIRMethod.java:84)", "org.jruby.internal.runtime.methods.MixedModeIRMethod.call(MixedModeIRMethod.java:70)", "org.jruby.ir.targets.InvokeSite.invoke(InvokeSite.java:183)", "C_3a_.Users.Semantix.logstash.logstash_minus_7_dot_6_dot_2.logstash_minus_core.lib.logstash.agent.RUBY$block$converge_state$2(C:/Users/Semantix/logstash/logstash-7.6.2/logstash-core/lib/logstash/agent.rb:326)", "org.jruby.runtime.CompiledIRBlockBody.callDirect(CompiledIRBlockBody.java:136)", "org.jruby.runtime.IRBlockBody.call(IRBlockBody.java:77)", "org.jruby.runtime.IRBlockBody.call(IRBlockBody.java:71)", "org.jruby.runtime.Block.call(Block.java:125)", "org.jruby.RubyProc.call(RubyProc.java:274)", "org.jruby.internal.runtime.RubyRunnable.run(RubyRunnable.java:105)", "java.base/java.lang.Thread.run(Thread.java:834)"]}
[2020-10-19T09:38:17,263][ERROR][logstash.agent           ] An exception happened when converging configuration {:exception=>LogStash::Error, :message=>"Don't know how to handle `Java::JavaLang::IllegalStateException` for `PipelineAction::Create<main>`", :backtrace=>["org/logstash/execution/ConvergeResultExt.java:109:in `create'", "org/logstash/execution/ConvergeResultExt.java:37:in `add'", "C:/Users/Semantix/logstash/logstash-7.6.2/logstash-core/lib/logstash/agent.rb:339:in `block in converge_state'"]}
[2020-10-19T09:38:17,310][FATAL][logstash.runner          ] An unexpected error occurred! {:error=>#<LogStash::Error: Don't know how to handle `Java::JavaLang::IllegalStateException` for `PipelineAction::Create<main>`>, :backtrace=>["org/logstash/execution/ConvergeResultExt.java:109:in `create'", "org/logstash/execution/ConvergeResultExt.java:37:in `add'", "C:/Users/Semantix/logstash/logstash-7.6.2/logstash-core/lib/logstash/agent.rb:339:in `block in converge_state'"]}
[2020-10-19T09:38:17,331][ERROR][org.logstash.Logstash    ] java.lang.IllegalStateException: Logstash stopped processing because of an error: (SystemExit) exit
[2020-10-19T09:38:57,302][WARN ][logstash.config.source.multilocal] Ignoring the 'pipelines.yml' file because modules or command line options are specified
[2020-10-19T09:38:57,424][INFO ][logstash.runner          ] Starting Logstash {"logstash.version"=>"7.6.2"}
[2020-10-19T09:38:58,694][INFO ][org.reflections.Reflections] Reflections took 31 ms to scan 1 urls, producing 20 keys and 40 values 
[2020-10-19T09:38:59,368][WARN ][org.logstash.instrument.metrics.gauge.LazyDelegatingGauge][main] A gauge metric of an unknown type (org.jruby.RubyArray) has been created for key: cluster_uuids. This may result in invalid serialization.  It is recommended to log an issue to the responsible developer/development team.
[2020-10-19T09:38:59,396][INFO ][logstash.javapipeline    ][main] Starting pipeline {:pipeline_id=>"main", "pipeline.workers"=>8, "pipeline.batch.size"=>125, "pipeline.batch.delay"=>50, "pipeline.max_inflight"=>1000, "pipeline.sources"=>["C:/Users/Semantix/logstash/logstash-7.6.2/config/pipelines/pipeline.conf"], :thread=>"#<Thread:0x1bf483a3 run>"}
[2020-10-19T09:39:00,159][INFO ][logstash.inputs.stdin    ][main] Automatically switching from json to json_lines codec {:plugin=>"stdin"}
[2020-10-19T09:39:00,327][INFO ][logstash.javapipeline    ][main] Pipeline started {"pipeline.id"=>"main"}
[2020-10-19T09:39:00,339][INFO ][logstash.inputs.http     ][main] Starting http input listener {:address=>"127.0.0.1:8080", :ssl=>"false"}
[2020-10-19T09:39:00,413][INFO ][logstash.agent           ] Pipelines running {:count=>1, :running_pipelines=>[:main], :non_running_pipelines=>[]}
[2020-10-19T09:39:00,753][INFO ][logstash.agent           ] Successfully started Logstash API endpoint {:port=>9600}
[2020-10-19T09:39:07,323][INFO ][logstash.outputs.file    ][main] Opening file {:path=>"C:/Users/Semantix/logstash/logstash-7.6.2/output.txt"}
[2020-10-19T09:39:19,320][INFO ][logstash.outputs.file    ][main] Closing file C:/Users/Semantix/logstash/logstash-7.6.2/output.txt
[2020-10-19T10:34:49,060][WARN ][logstash.runner          ] SIGINT received. Shutting down.
[2020-10-19T10:34:49,268][INFO ][logstash.javapipeline    ] Pipeline terminated {"pipeline.id"=>"main"}
[2020-10-19T10:34:49,318][INFO ][logstash.runner          ] Logstash shut down.
